<?xml version="1.0" encoding="UTF-8"?>
<!-- Generated by org.testng.reporters.JUnitXMLReporter -->
<testsuite ignored="0" hostname="Babaji" failures="0" tests="3" name="Test" time="15.307" errors="0" timestamp="2023-05-23T19:59:13 IST">
  <testcase classname="testClassPackage.Post_TC_1" name="execute" time="11.327"/>
  <testcase classname="testClassPackage.Post_TC_2" name="execute" time="1.812"/>
  <testcase classname="testClassPackage.Post_TC_3" name="execute" time="1.768"/>
</testsuite> <!-- Test -->
