<?xml version="1.0" encoding="UTF-8"?>
<testng-results ignored="0" total="3" passed="3" failed="0" skipped="0">
  <reporter-output>
  </reporter-output>
  <suite started-at="2023-05-23T19:58:58 IST" name="Suite" finished-at="2023-05-23T19:59:13 IST" duration-ms="15307">
    <groups>
    </groups>
    <test started-at="2023-05-23T19:58:58 IST" name="Test" finished-at="2023-05-23T19:59:13 IST" duration-ms="15307">
      <class name="testClassPackage.Post_TC_1">
        <test-method signature="execute()[pri:0, instance:testClassPackage.Post_TC_1@563f38c4]" started-at="2023-05-23T19:58:58 IST" name="execute" finished-at="2023-05-23T19:59:09 IST" duration-ms="11327" status="PASS">
          <reporter-output>
          </reporter-output>
        </test-method> <!-- execute -->
      </class> <!-- testClassPackage.Post_TC_1 -->
      <class name="testClassPackage.Post_TC_2">
        <test-method signature="execute()[pri:0, instance:testClassPackage.Post_TC_2@2034b64c]" started-at="2023-05-23T19:59:09 IST" name="execute" finished-at="2023-05-23T19:59:11 IST" duration-ms="1812" status="PASS">
          <reporter-output>
          </reporter-output>
        </test-method> <!-- execute -->
      </class> <!-- testClassPackage.Post_TC_2 -->
      <class name="testClassPackage.Post_TC_3">
        <test-method signature="execute()[pri:0, instance:testClassPackage.Post_TC_3@75d3a5e0]" started-at="2023-05-23T19:59:11 IST" name="execute" finished-at="2023-05-23T19:59:13 IST" duration-ms="1768" status="PASS">
          <reporter-output>
          </reporter-output>
        </test-method> <!-- execute -->
      </class> <!-- testClassPackage.Post_TC_3 -->
    </test> <!-- Test -->
  </suite> <!-- Suite -->
</testng-results>
